"../../../Engine/Content/EditorResources/S_Actor.ubulk" 0
"../../../Engine/Content/EditorResources/S_Actor.uasset" 1
"../../../Engine/Content/EditorResources/S_Actor.uexp" 2
"../../../Engine/Content/EditorResources/S_BoxReflectionCapture.uasset" 3
"../../../Engine/Content/EditorResources/S_BoxReflectionCapture.uexp" 4
"../../../Engine/Content/EngineResources/DefaultTexture.ubulk" 5
"../../../Engine/Content/EngineResources/DefaultTexture.uasset" 6
"../../../Engine/Content/EngineResources/DefaultTexture.uexp" 7
"../../../Engine/Content/EngineResources/DefaultTextureCube.uasset" 8
"../../../Engine/Content/EngineResources/DefaultTextureCube.uexp" 9
"../../../Engine/Content/EngineResources/DefaultVolumeTexture2D.uasset" 10
"../../../Engine/Content/EngineResources/DefaultVolumeTexture2D.uexp" 11
"../../../Engine/Content/EngineResources/DefaultVolumeTexture.uasset" 12
"../../../Engine/Content/EngineResources/DefaultVolumeTexture.uexp" 13
"../../../Engine/Content/EditorResources/S_Trigger.ubulk" 14
"../../../Engine/Content/EditorResources/S_Trigger.uasset" 15
"../../../Engine/Content/EditorResources/S_Trigger.uexp" 16
"../../../Engine/Content/EditorResources/S_TriggerBox.uasset" 17
"../../../Engine/Content/EditorResources/S_TriggerBox.uexp" 18
"../../../Engine/Content/EditorResources/S_TriggerCapsule.uasset" 19
"../../../Engine/Content/EditorResources/S_TriggerCapsule.uexp" 20
"../../../Engine/Content/EditorResources/S_TriggerSphere.uasset" 21
"../../../Engine/Content/EditorResources/S_TriggerSphere.uexp" 22
"../../../Engine/Content/EngineMeshes/Sphere.uasset" 23
"../../../Engine/Content/EngineMeshes/Sphere.uexp" 24
"../../../Engine/Content/EngineResources/GradientTexture0.uasset" 25
"../../../Engine/Content/EngineResources/GradientTexture0.uexp" 26
"../../../Engine/Content/EngineResources/Black.uasset" 27
"../../../Engine/Content/EngineResources/Black.uexp" 28
"../../../Engine/Content/VREditor/LaserPointer/VR_LaserPower_01.ubulk" 29
"../../../Engine/Content/VREditor/LaserPointer/VR_LaserPower_01.uasset" 30
"../../../Engine/Content/VREditor/LaserPointer/VR_LaserPower_01.uexp" 31
"../../../Engine/Content/VREditor/TransformGizmo/TransformGizmoMaterial.uasset" 32
"../../../Engine/Content/VREditor/TransformGizmo/TransformGizmoMaterial.uexp" 33
"../../../Engine/Content/VREditor/TransformGizmo/TranslucentTransformGizmoMaterial.uasset" 34
"../../../Engine/Content/VREditor/TransformGizmo/TranslucentTransformGizmoMaterial.uexp" 35
"../../../Engine/Content/VREditor/TransformGizmo/PlaneTranslationHandle.uasset" 36
"../../../Engine/Content/VREditor/TransformGizmo/PlaneTranslationHandle.uexp" 37
"../../../Engine/Content/VREditor/TransformGizmo/BoundingBoxCorner.uasset" 38
"../../../Engine/Content/VREditor/TransformGizmo/BoundingBoxCorner.uexp" 39
"../../../Engine/Content/VREditor/TransformGizmo/BoundingBoxEdge.uasset" 40
"../../../Engine/Content/VREditor/TransformGizmo/BoundingBoxEdge.uexp" 41
"../../../Engine/Content/VREditor/TransformGizmo/Main.uasset" 42
"../../../Engine/Content/VREditor/TransformGizmo/Main.uexp" 43
"../../../Engine/Content/VREditor/TransformGizmo/Xray.uasset" 44
"../../../Engine/Content/VREditor/TransformGizmo/Xray.uexp" 45
"../../../Engine/Content/VREditor/TransformGizmo/SM_Sequencer_Node.uasset" 46
"../../../Engine/Content/VREditor/TransformGizmo/SM_Sequencer_Node.uexp" 47
"../../../Engine/Content/EditorMaterials/Camera/CineMat.uasset" 48
"../../../Engine/Content/EditorMaterials/Camera/CineMat.uexp" 49
"../../../Engine/Content/EditorMaterials/Camera/MI_CineMat_Rig.uasset" 50
"../../../Engine/Content/EditorMaterials/Camera/MI_CineMat_Rig.uexp" 51
"../../../Engine/Content/EditorMeshes/Camera/SM_CraneRig_Base.uasset" 52
"../../../Engine/Content/EditorMeshes/Camera/SM_CraneRig_Base.uexp" 53
"../../../Engine/Content/EditorMeshes/Camera/SM_CraneRig_Arm.uasset" 54
"../../../Engine/Content/EditorMeshes/Camera/SM_CraneRig_Arm.uexp" 55
"../../../Engine/Content/EditorMeshes/Camera/SM_CraneRig_Mount.uasset" 56
"../../../Engine/Content/EditorMeshes/Camera/SM_CraneRig_Mount.uexp" 57
"../../../Engine/Content/EditorMeshes/Camera/SM_CraneRig_Body.uasset" 58
"../../../Engine/Content/EditorMeshes/Camera/SM_CraneRig_Body.uexp" 59
"../../../Engine/Content/EditorMeshes/Camera/SM_RailRig_Track.uasset" 60
"../../../Engine/Content/EditorMeshes/Camera/SM_RailRig_Track.uexp" 61
"../../../Engine/Content/EditorMeshes/Camera/SM_RailRig_Mount.uasset" 62
"../../../Engine/Content/EditorMeshes/Camera/SM_RailRig_Mount.uexp" 63
"../../../Engine/Content/EngineMaterials/T_Default_Material_Grid_M.ubulk" 64
"../../../Engine/Content/EngineMaterials/T_Default_Material_Grid_M.uasset" 65
"../../../Engine/Content/EngineMaterials/T_Default_Material_Grid_M.uexp" 66
"../../../Engine/Content/EngineMaterials/T_Default_Material_Grid_N.ubulk" 67
"../../../Engine/Content/EngineMaterials/T_Default_Material_Grid_N.uasset" 68
"../../../Engine/Content/EngineMaterials/T_Default_Material_Grid_N.uexp" 69
"../../../Engine/Content/Functions/Engine_MaterialFunctions01/Opacity/CameraDepthFade.uasset" 70
"../../../Engine/Content/Functions/Engine_MaterialFunctions01/Opacity/CameraDepthFade.uexp" 71
"../../../Engine/Content/EngineMaterials/WorldGridMaterial.uasset" 72
"../../../Engine/Content/EngineMaterials/WorldGridMaterial.uexp" 73
"../../../Engine/Content/ArtTools/RenderToTexture/Meshes/S_1_Unit_Plane.uasset" 74
"../../../Engine/Content/ArtTools/RenderToTexture/Meshes/S_1_Unit_Plane.uexp" 75
"../../../Engine/Content/EditorMaterials/ParticleSystems/PSysThumbnail_NoImage.ubulk" 76
"../../../Engine/Content/EditorMaterials/ParticleSystems/PSysThumbnail_NoImage.uasset" 77
"../../../Engine/Content/EditorMaterials/ParticleSystems/PSysThumbnail_NoImage.uexp" 78
"../../../Engine/Content/EditorMaterials/ParticleSystems/PSysThumbnail_OOD.ubulk" 79
"../../../Engine/Content/EditorMaterials/ParticleSystems/PSysThumbnail_OOD.uasset" 80
"../../../Engine/Content/EditorMaterials/ParticleSystems/PSysThumbnail_OOD.uexp" 81
"../../../Engine/Content/EditorLandscapeResources/SplineEditorMeshMat.uasset" 82
"../../../Engine/Content/EditorLandscapeResources/SplineEditorMeshMat.uexp" 83
"../../../Engine/Content/EditorLandscapeResources/SplineEditorMesh.uasset" 84
"../../../Engine/Content/EditorLandscapeResources/SplineEditorMesh.uexp" 85
"../../../Engine/Content/EditorResources/S_Solver.ubulk" 86
"../../../Engine/Content/EditorResources/S_Solver.uasset" 87
"../../../Engine/Content/EditorResources/S_Solver.uexp" 88
"../../../Engine/Plugins/Media/MediaPlate/Content/SM_MediaPlateScreen.uasset" 89
"../../../Engine/Plugins/Media/MediaPlate/Content/SM_MediaPlateScreen.uexp" 90
"../../../Engine/Content/EngineMaterials/Good64x64TilingNoiseHighFreq.uasset" 91
"../../../Engine/Content/EngineMaterials/Good64x64TilingNoiseHighFreq.uexp" 92
"../../../Engine/Content/EngineMaterials/DefaultBokeh.uasset" 93
"../../../Engine/Content/EngineMaterials/DefaultBokeh.uexp" 94
"../../../Engine/Content/EngineMaterials/PreintegratedSkinBRDF.uasset" 95
"../../../Engine/Content/EngineMaterials/PreintegratedSkinBRDF.uexp" 96
"../../../Engine/Content/EngineMaterials/MiniFont.uasset" 97
"../../../Engine/Content/EngineMaterials/MiniFont.uexp" 98
"../../../Engine/Content/EngineMaterials/WeightMapPlaceholderTexture.uasset" 99
"../../../Engine/Content/EngineMaterials/WeightMapPlaceholderTexture.uexp" 100
"../../../Engine/Content/EngineMaterials/DefaultWhiteGrid.ubulk" 101
"../../../Engine/Content/EngineMaterials/DefaultWhiteGrid.uasset" 102
"../../../Engine/Content/EngineMaterials/DefaultWhiteGrid.uexp" 103
"../../../Engine/Plugins/2D/Paper2D/Content/PlaceholderTextures/DummySpriteTexture.ubulk" 104
"../../../Engine/Plugins/2D/Paper2D/Content/PlaceholderTextures/DummySpriteTexture.uasset" 105
"../../../Engine/Plugins/2D/Paper2D/Content/PlaceholderTextures/DummySpriteTexture.uexp" 106
"../../../Engine/Plugins/2D/Paper2D/Content/DefaultSpriteMaterial.uasset" 107
"../../../Engine/Plugins/2D/Paper2D/Content/DefaultSpriteMaterial.uexp" 108
"../../../Engine/Plugins/2D/Paper2D/Content/OpaqueUnlitSpriteMaterial.uasset" 109
"../../../Engine/Plugins/2D/Paper2D/Content/OpaqueUnlitSpriteMaterial.uexp" 110
"../../../Engine/Plugins/2D/Paper2D/Content/MaskedUnlitSpriteMaterial.uasset" 111
"../../../Engine/Plugins/2D/Paper2D/Content/MaskedUnlitSpriteMaterial.uexp" 112
"../../../Engine/Plugins/2D/Paper2D/Content/DummySprite.uasset" 113
"../../../Engine/Plugins/2D/Paper2D/Content/DummySprite.uexp" 114
"../../../Engine/Plugins/2D/Paper2D/Content/DefaultPaperTerrainMaterial.uasset" 115
"../../../Engine/Plugins/2D/Paper2D/Content/DefaultPaperTerrainMaterial.uexp" 116
"../../../Engine/Content/Functions/Engine_MaterialFunctions02/WorldPositionOffset/CameraOffset.uasset" 117
"../../../Engine/Content/Functions/Engine_MaterialFunctions02/WorldPositionOffset/CameraOffset.uexp" 118
"../../../Engine/Plugins/Animation/ControlRig/Content/M_Manip.uasset" 119
"../../../Engine/Plugins/Animation/ControlRig/Content/M_Manip.uexp" 120
"../../../Engine/Content/Animation/DefaultRecorderBoneCompression.uasset" 121
"../../../Engine/Content/Animation/DefaultRecorderBoneCompression.uexp" 122
"../../../Engine/Content/Animation/DefaultAnimCurveCompressionSettings.uasset" 123
"../../../Engine/Content/Animation/DefaultAnimCurveCompressionSettings.uexp" 124
"../../../Engine/Content/Animation/DefaultAnimBoneCompressionSettings.uasset" 125
"../../../Engine/Content/Animation/DefaultAnimBoneCompressionSettings.uexp" 126
"../../../Engine/Content/EngineMaterials/DefaultMaterial.uasset" 127
"../../../Engine/Content/EngineMaterials/DefaultMaterial.uexp" 128
"../../../Engine/Content/BasicShapes/Sphere.uasset" 129
"../../../Engine/Content/BasicShapes/Sphere.uexp" 130
"../../../Engine/Content/BasicShapes/Plane.uasset" 131
"../../../Engine/Content/BasicShapes/Plane.uexp" 132
"../../../Engine/Content/BasicShapes/Cylinder.uasset" 133
"../../../Engine/Content/BasicShapes/Cylinder.uexp" 134
"../../../Engine/Content/BasicShapes/Cube.uasset" 135
"../../../Engine/Content/BasicShapes/Cube.uexp" 136
"../../../Engine/Content/Functions/Engine_MaterialFunctions02/Utility/CameraDirectionVector.uasset" 137
"../../../Engine/Content/Functions/Engine_MaterialFunctions02/Utility/CameraDirectionVector.uexp" 138
"../../../Engine/Content/EngineDebugMaterials/VolumeToRender.uasset" 139
"../../../Engine/Content/EngineDebugMaterials/VolumeToRender.uexp" 140
"../../../Engine/Content/EngineDebugMaterials/M_VolumeRenderSphereTracePP.uasset" 141
"../../../Engine/Content/EngineDebugMaterials/M_VolumeRenderSphereTracePP.uexp" 142
"../../../Engine/Content/EngineDebugMaterials/M_SimpleUnlitTranslucent.uasset" 143
"../../../Engine/Content/EngineDebugMaterials/M_SimpleUnlitTranslucent.uexp" 144
"../../../Engine/Plugins/Animation/ControlRig/Content/Controls/DefaultGizmoLibraryNormalized.uasset" 145
"../../../Engine/Plugins/Animation/ControlRig/Content/Controls/DefaultGizmoLibraryNormalized.uexp" 146
"../../../Engine/Plugins/Animation/ControlRig/Content/Controls/ControlRig_Wedge_solid.uasset" 147
"../../../Engine/Plugins/Animation/ControlRig/Content/Controls/ControlRig_Wedge_solid.uexp" 148
"../../../Engine/Plugins/Animation/ControlRig/Content/Controls/ControlRig_Wedge_3mm.uasset" 149
"../../../Engine/Plugins/Animation/ControlRig/Content/Controls/ControlRig_Wedge_3mm.uexp" 150
"../../../Engine/Plugins/Animation/ControlRig/Content/Controls/ControlRig_Wedge_1mm.uasset" 151
"../../../Engine/Plugins/Animation/ControlRig/Content/Controls/ControlRig_Wedge_1mm.uexp" 152
"../../../Engine/Plugins/Animation/ControlRig/Content/Controls/ControlRig_Triangle_solid.uasset" 153
"../../../Engine/Plugins/Animation/ControlRig/Content/Controls/ControlRig_Triangle_solid.uexp" 154
"../../../Engine/Plugins/Animation/ControlRig/Content/Controls/ControlRig_Triangle_3mm.uasset" 155
"../../../Engine/Plugins/Animation/ControlRig/Content/Controls/ControlRig_Triangle_3mm.uexp" 156
"../../../Engine/Plugins/Animation/ControlRig/Content/Controls/ControlRig_Triangle_1mm.uasset" 157
"../../../Engine/Plugins/Animation/ControlRig/Content/Controls/ControlRig_Triangle_1mm.uexp" 158
"../../../Engine/Plugins/Animation/ControlRig/Content/Controls/ControlRig_Star4_solid.uasset" 159
"../../../Engine/Plugins/Animation/ControlRig/Content/Controls/ControlRig_Star4_solid.uexp" 160
"../../../Engine/Plugins/Animation/ControlRig/Content/Controls/ControlRig_Star4_3mm.uasset" 161
"../../../Engine/Plugins/Animation/ControlRig/Content/Controls/ControlRig_Star4_3mm.uexp" 162
"../../../Engine/Plugins/Animation/ControlRig/Content/Controls/ControlRig_Star4_1mm.uasset" 163
"../../../Engine/Plugins/Animation/ControlRig/Content/Controls/ControlRig_Star4_1mm.uexp" 164
"../../../Engine/Plugins/Animation/ControlRig/Content/Controls/ControlRig_Square_solid.uasset" 165
"../../../Engine/Plugins/Animation/ControlRig/Content/Controls/ControlRig_Square_solid.uexp" 166
"../../../Engine/Plugins/Animation/ControlRig/Content/Controls/ControlRig_Square_3mm.uasset" 167
"../../../Engine/Plugins/Animation/ControlRig/Content/Controls/ControlRig_Square_3mm.uexp" 168
"../../../Engine/Plugins/Animation/ControlRig/Content/Controls/ControlRig_Square_1mm.uasset" 169
"../../../Engine/Plugins/Animation/ControlRig/Content/Controls/ControlRig_Square_1mm.uexp" 170
"../../../Engine/Plugins/Animation/ControlRig/Content/Controls/ControlRig_Sphere_solid.uasset" 171
"../../../Engine/Plugins/Animation/ControlRig/Content/Controls/ControlRig_Sphere_solid.uexp" 172
"../../../Engine/Plugins/Animation/ControlRig/Content/Controls/ControlRig_Sphere_3mm.uasset" 173
"../../../Engine/Plugins/Animation/ControlRig/Content/Controls/ControlRig_Sphere_3mm.uexp" 174
"../../../Engine/Plugins/Animation/ControlRig/Content/Controls/ControlRig_Sphere_1mm.uasset" 175
"../../../Engine/Plugins/Animation/ControlRig/Content/Controls/ControlRig_Sphere_1mm.uexp" 176
"../../../Engine/Plugins/Animation/ControlRig/Content/Controls/ControlRig_RoundedTriangle_solid.uasset" 177
"../../../Engine/Plugins/Animation/ControlRig/Content/Controls/ControlRig_RoundedTriangle_solid.uexp" 178
"../../../Engine/Plugins/Animation/ControlRig/Content/Controls/ControlRig_RoundedTriangle_3mm.uasset" 179
"../../../Engine/Plugins/Animation/ControlRig/Content/Controls/ControlRig_RoundedTriangle_3mm.uexp" 180
"../../../Engine/Plugins/Animation/ControlRig/Content/Controls/ControlRig_RoundedTriangle_1mm.uasset" 181
"../../../Engine/Plugins/Animation/ControlRig/Content/Controls/ControlRig_RoundedTriangle_1mm.uexp" 182
"../../../Engine/Plugins/Animation/ControlRig/Content/Controls/ControlRig_RoundedSquare_solid.uasset" 183
"../../../Engine/Plugins/Animation/ControlRig/Content/Controls/ControlRig_RoundedSquare_solid.uexp" 184
"../../../Engine/Plugins/Animation/ControlRig/Content/Controls/ControlRig_RoundedSquare_3mm.uasset" 185
"../../../Engine/Plugins/Animation/ControlRig/Content/Controls/ControlRig_RoundedSquare_3mm.uexp" 186
"../../../Engine/Plugins/Animation/ControlRig/Content/Controls/ControlRig_RoundedSquare_1mm.uasset" 187
"../../../Engine/Plugins/Animation/ControlRig/Content/Controls/ControlRig_RoundedSquare_1mm.uexp" 188
"../../../Engine/Plugins/Animation/ControlRig/Content/Controls/ControlRig_QuarterCircle_solid.uasset" 189
"../../../Engine/Plugins/Animation/ControlRig/Content/Controls/ControlRig_QuarterCircle_solid.uexp" 190
"../../../Engine/Plugins/Animation/ControlRig/Content/Controls/ControlRig_QuarterCircle_3mm.uasset" 191
"../../../Engine/Plugins/Animation/ControlRig/Content/Controls/ControlRig_QuarterCircle_3mm.uexp" 192
"../../../Engine/Plugins/Animation/ControlRig/Content/Controls/ControlRig_QuarterCircle_1mm.uasset" 193
"../../../Engine/Plugins/Animation/ControlRig/Content/Controls/ControlRig_QuarterCircle_1mm.uexp" 194
"../../../Engine/Plugins/Animation/ControlRig/Content/Controls/ControlRig_Pyramid_solid.uasset" 195
"../../../Engine/Plugins/Animation/ControlRig/Content/Controls/ControlRig_Pyramid_solid.uexp" 196
"../../../Engine/Content/EditorBlueprintResources/StandardMacros.uasset" 197
"../../../Engine/Content/EditorBlueprintResources/StandardMacros.uexp" 198
"F:/Unreal Projects/Replication_Socket/Content/ExampleBlueprints/ExampleAdvancedSessionsFunctionsChar.uasset" 199
"F:/Unreal Projects/Replication_Socket/Content/ExampleBlueprints/ExampleAdvancedSessionsFunctionsChar.uexp" 200
"../../../Engine/Plugins/Runtime/MeshModelingToolset/Content/Materials/M_DynamicMeshComponentVtxColor.uasset" 201
"../../../Engine/Plugins/Runtime/MeshModelingToolset/Content/Materials/M_DynamicMeshComponentVtxColor.uexp" 202
"../../../Engine/Plugins/Interchange/Runtime/Content/Pipelines/DefaultTexturePipeline.uasset" 203
"../../../Engine/Plugins/Interchange/Runtime/Content/Pipelines/DefaultTexturePipeline.uexp" 204
"../../../Engine/Plugins/Interchange/Runtime/Content/Pipelines/DefaultSceneLevelPipeline.uasset" 205
"../../../Engine/Plugins/Interchange/Runtime/Content/Pipelines/DefaultSceneLevelPipeline.uexp" 206
"../../../Engine/Plugins/Interchange/Runtime/Content/Pipelines/DefaultSceneAssetsPipeline.uasset" 207
"../../../Engine/Plugins/Interchange/Runtime/Content/Pipelines/DefaultSceneAssetsPipeline.uexp" 208
"../../../Engine/Plugins/Interchange/Runtime/Content/Pipelines/DefaultMaterialPipeline.uasset" 209
"../../../Engine/Plugins/Interchange/Runtime/Content/Pipelines/DefaultMaterialPipeline.uexp" 210
"../../../Engine/Plugins/Interchange/Runtime/Content/Pipelines/DefaultAssetsPipeline.uasset" 211
"../../../Engine/Plugins/Interchange/Runtime/Content/Pipelines/DefaultAssetsPipeline.uexp" 212
"../../../Engine/Plugins/Editor/SpeedTreeImporter/Content/SpeedTree9/game_wind_noise.ubulk" 213
"../../../Engine/Plugins/Editor/SpeedTreeImporter/Content/SpeedTree9/game_wind_noise.uasset" 214
"../../../Engine/Plugins/Editor/SpeedTreeImporter/Content/SpeedTree9/game_wind_noise.uexp" 215
"../../../Engine/Plugins/Editor/SpeedTreeImporter/Content/SpeedTree9/UnpackDirection.uasset" 216
"../../../Engine/Plugins/Editor/SpeedTreeImporter/Content/SpeedTree9/UnpackDirection.uexp" 217
"../../../Engine/Content/Functions/Engine_MaterialFunctions02/ObjectLocalBounds.uasset" 218
"../../../Engine/Content/Functions/Engine_MaterialFunctions02/ObjectLocalBounds.uexp" 219
"../../../Engine/Content/Functions/Engine_MaterialFunctions02/Utility/BreakOutFloat3Components.uasset" 220
"../../../Engine/Content/Functions/Engine_MaterialFunctions02/Utility/BreakOutFloat3Components.uexp" 221
"../../../Engine/Content/Functions/Engine_MaterialFunctions02/UVs/BoundingBoxBased_0-1_UVW.uasset" 222
"../../../Engine/Content/Functions/Engine_MaterialFunctions02/UVs/BoundingBoxBased_0-1_UVW.uexp" 223
"../../../Engine/Content/Functions/Engine_MaterialFunctions02/Utility/VectorLength.uasset" 224
"../../../Engine/Content/Functions/Engine_MaterialFunctions02/Utility/VectorLength.uexp" 225
"../../../Engine/Plugins/Editor/SpeedTreeImporter/Content/SpeedTree9/UnpackInteger3.uasset" 226
"../../../Engine/Plugins/Editor/SpeedTreeImporter/Content/SpeedTree9/UnpackInteger3.uexp" 227
"../../../Engine/Plugins/Editor/SpeedTreeImporter/Content/SpeedTree9/SpeedTreeCameraFacing.uasset" 228
"../../../Engine/Plugins/Editor/SpeedTreeImporter/Content/SpeedTree9/SpeedTreeCameraFacing.uexp" 229
"../../../Engine/Content/Functions/Engine_MaterialFunctions02/WorldPositionOffset/ObjectScale.uasset" 230
"../../../Engine/Content/Functions/Engine_MaterialFunctions02/WorldPositionOffset/ObjectScale.uexp" 231
"../../../Engine/Content/Functions/Engine_MaterialFunctions02/SafeNormalize.uasset" 232
"../../../Engine/Content/Functions/Engine_MaterialFunctions02/SafeNormalize.uexp" 233
"../../../Engine/Plugins/Editor/SpeedTreeImporter/Content/SpeedTree9/SpeedTreeWindMotion.uasset" 234
"../../../Engine/Plugins/Editor/SpeedTreeImporter/Content/SpeedTree9/SpeedTreeWindMotion.uexp" 235
"../../../Engine/Plugins/Editor/SpeedTreeImporter/Content/SpeedTree9/SpeedTreeBranchMotion.uasset" 236
"../../../Engine/Plugins/Editor/SpeedTreeImporter/Content/SpeedTree9/SpeedTreeBranchMotion.uexp" 237
"../../../Engine/Plugins/Editor/SpeedTreeImporter/Content/SpeedTree9/SpeedTreeWind.uasset" 238
"../../../Engine/Plugins/Editor/SpeedTreeImporter/Content/SpeedTree9/SpeedTreeWind.uexp" 239
"../../../Engine/Plugins/Editor/SpeedTreeImporter/Content/SpeedTree9/EmptyNormal.uasset" 240
"../../../Engine/Plugins/Editor/SpeedTreeImporter/Content/SpeedTree9/EmptyNormal.uexp" 241
"../../../Engine/Plugins/Editor/SpeedTreeImporter/Content/SpeedTree9/Empty.uasset" 242
"../../../Engine/Plugins/Editor/SpeedTreeImporter/Content/SpeedTree9/Empty.uexp" 243
"../../../Engine/Plugins/Editor/SpeedTreeImporter/Content/SpeedTree9/SpeedTreeMaster.uasset" 244
"../../../Engine/Plugins/Editor/SpeedTreeImporter/Content/SpeedTree9/SpeedTreeMaster.uexp" 245
"../../../Engine/Plugins/Editor/SpeedTreeImporter/Content/SpeedTree9/SpeedTreeBillboard.uasset" 246
"../../../Engine/Plugins/Editor/SpeedTreeImporter/Content/SpeedTree9/SpeedTreeBillboard.uexp" 247
"../../../Engine/Plugins/Editor/SpeedTreeImporter/Content/SpeedTree9/SpeedTreeBillboardMaster.uasset" 248
"../../../Engine/Plugins/Editor/SpeedTreeImporter/Content/SpeedTree9/SpeedTreeBillboardMaster.uexp" 249
"../../../Engine/Plugins/Animation/ControlRig/Content/Controls/ControlRig_Pyramid_3mm.uasset" 250
"../../../Engine/Plugins/Animation/ControlRig/Content/Controls/ControlRig_Pyramid_3mm.uexp" 251
"../../../Engine/Plugins/Animation/ControlRig/Content/Controls/ControlRig_Pyramid_1mm.uasset" 252
"../../../Engine/Plugins/Animation/ControlRig/Content/Controls/ControlRig_Pyramid_1mm.uexp" 253
"../../../Engine/Plugins/Animation/ControlRig/Content/Controls/ControlRig_Octagon_solid.uasset" 254
"../../../Engine/Plugins/Animation/ControlRig/Content/Controls/ControlRig_Octagon_solid.uexp" 255
"../../../Engine/Plugins/Animation/ControlRig/Content/Controls/ControlRig_Octagon_3mm.uasset" 256
"../../../Engine/Plugins/Animation/ControlRig/Content/Controls/ControlRig_Octagon_3mm.uexp" 257
"../../../Engine/Plugins/Animation/ControlRig/Content/Controls/ControlRig_Octagon_1mm.uasset" 258
"../../../Engine/Plugins/Animation/ControlRig/Content/Controls/ControlRig_Octagon_1mm.uexp" 259
"../../../Engine/Plugins/Animation/ControlRig/Content/Controls/ControlRig_Hexagon_solid.uasset" 260
"../../../Engine/Plugins/Animation/ControlRig/Content/Controls/ControlRig_Hexagon_solid.uexp" 261
"../../../Engine/Plugins/Animation/ControlRig/Content/Controls/ControlRig_Hexagon_3mm.uasset" 262
"../../../Engine/Plugins/Animation/ControlRig/Content/Controls/ControlRig_Hexagon_3mm.uexp" 263
"../../../Engine/Plugins/Animation/ControlRig/Content/Controls/ControlRig_Hexagon_1mm.uasset" 264
"../../../Engine/Plugins/Animation/ControlRig/Content/Controls/ControlRig_Hexagon_1mm.uexp" 265
"../../../Engine/Plugins/Animation/ControlRig/Content/Controls/ControlRig_HalfCircle_solid.uasset" 266
"../../../Engine/Plugins/Animation/ControlRig/Content/Controls/ControlRig_HalfCircle_solid.uexp" 267
"../../../Engine/Plugins/Animation/ControlRig/Content/Controls/ControlRig_HalfCircle_3mm.uasset" 268
"../../../Engine/Plugins/Animation/ControlRig/Content/Controls/ControlRig_HalfCircle_3mm.uexp" 269
"../../../Engine/Plugins/Animation/ControlRig/Content/Controls/ControlRig_HalfCircle_1mm.uasset" 270
"../../../Engine/Plugins/Animation/ControlRig/Content/Controls/ControlRig_HalfCircle_1mm.uexp" 271
"../../../Engine/Plugins/Animation/ControlRig/Content/Controls/ControlRig_Diamond_solid.uasset" 272
"../../../Engine/Plugins/Animation/ControlRig/Content/Controls/ControlRig_Diamond_solid.uexp" 273
"../../../Engine/Plugins/Animation/ControlRig/Content/Controls/ControlRig_Diamond_3mm.uasset" 274
"../../../Engine/Plugins/Animation/ControlRig/Content/Controls/ControlRig_Diamond_3mm.uexp" 275
"../../../Engine/Plugins/Animation/ControlRig/Content/Controls/ControlRig_Diamond_1mm.uasset" 276
"../../../Engine/Plugins/Animation/ControlRig/Content/Controls/ControlRig_Diamond_1mm.uexp" 277
"../../../Engine/Plugins/Animation/ControlRig/Content/Controls/ControlRig_Circle_solid.uasset" 278
"../../../Engine/Plugins/Animation/ControlRig/Content/Controls/ControlRig_Circle_solid.uexp" 279
"../../../Engine/Plugins/Animation/ControlRig/Content/Controls/ControlRig_Circle_3mm.uasset" 280
"../../../Engine/Plugins/Animation/ControlRig/Content/Controls/ControlRig_Circle_3mm.uexp" 281
"../../../Engine/Plugins/Animation/ControlRig/Content/Controls/ControlRig_Circle_1mm.uasset" 282
"../../../Engine/Plugins/Animation/ControlRig/Content/Controls/ControlRig_Circle_1mm.uexp" 283
"../../../Engine/Plugins/Animation/ControlRig/Content/Controls/ControlRig_Box_solid.uasset" 284
"../../../Engine/Plugins/Animation/ControlRig/Content/Controls/ControlRig_Box_solid.uexp" 285
"../../../Engine/Plugins/Animation/ControlRig/Content/Controls/ControlRig_Box_3mm.uasset" 286
"../../../Engine/Plugins/Animation/ControlRig/Content/Controls/ControlRig_Box_3mm.uexp" 287
"../../../Engine/Plugins/Animation/ControlRig/Content/Controls/ControlRig_Box_1mm.uasset" 288
"../../../Engine/Plugins/Animation/ControlRig/Content/Controls/ControlRig_Box_1mm.uexp" 289
"../../../Engine/Plugins/Animation/ControlRig/Content/Controls/ControlRig_Arrow_solid.uasset" 290
"../../../Engine/Plugins/Animation/ControlRig/Content/Controls/ControlRig_Arrow_solid.uexp" 291
"../../../Engine/Plugins/Animation/ControlRig/Content/Controls/ControlRig_Arrow_3mm.uasset" 292
"../../../Engine/Plugins/Animation/ControlRig/Content/Controls/ControlRig_Arrow_3mm.uexp" 293
"../../../Engine/Plugins/Animation/ControlRig/Content/Controls/ControlRig_Arrow_1mm.uasset" 294
"../../../Engine/Plugins/Animation/ControlRig/Content/Controls/ControlRig_Arrow_1mm.uexp" 295
"../../../Engine/Plugins/Animation/ControlRig/Content/Controls/ControlRig_Arrow4_solid.uasset" 296
"../../../Engine/Plugins/Animation/ControlRig/Content/Controls/ControlRig_Arrow4_solid.uexp" 297
"../../../Engine/Plugins/Animation/ControlRig/Content/Controls/ControlRig_Arrow4_3mm.uasset" 298
"../../../Engine/Plugins/Animation/ControlRig/Content/Controls/ControlRig_Arrow4_3mm.uexp" 299
"../../../Engine/Plugins/Animation/ControlRig/Content/Controls/ControlRig_Arrow4_1mm.uasset" 300
"../../../Engine/Plugins/Animation/ControlRig/Content/Controls/ControlRig_Arrow4_1mm.uexp" 301
"../../../Engine/Plugins/Animation/ControlRig/Content/Controls/ControlRig_Arrow2_solid.uasset" 302
"../../../Engine/Plugins/Animation/ControlRig/Content/Controls/ControlRig_Arrow2_solid.uexp" 303
"../../../Engine/Plugins/Animation/ControlRig/Content/Controls/ControlRig_Arrow2_3mm.uasset" 304
"../../../Engine/Plugins/Animation/ControlRig/Content/Controls/ControlRig_Arrow2_3mm.uexp" 305
"../../../Engine/Plugins/Animation/ControlRig/Content/Controls/ControlRig_Arrow2_1mm.uasset" 306
"../../../Engine/Plugins/Animation/ControlRig/Content/Controls/ControlRig_Arrow2_1mm.uexp" 307
"../../../Engine/Plugins/Animation/ControlRig/Content/Controls/ControlRigXRayMaterial.uasset" 308
"../../../Engine/Plugins/Animation/ControlRig/Content/Controls/ControlRigXRayMaterial.uexp" 309
"../../../Engine/Plugins/Animation/ControlRig/Content/Controls/ControlRigGizmoMaterial.uasset" 310
"../../../Engine/Plugins/Animation/ControlRig/Content/Controls/ControlRigGizmoMaterial.uexp" 311
"../../../Engine/Content/EngineSounds/Master.uasset" 312
"../../../Engine/Content/EngineSounds/Master.uexp" 313
"../../../Engine/Content/EngineResources/WhiteSquareTexture.uasset" 314
"../../../Engine/Content/EngineResources/WhiteSquareTexture.uexp" 315
"../../../Engine/Content/EngineMaterials/Widget3DPassThrough.uasset" 316
"../../../Engine/Content/EngineMaterials/Widget3DPassThrough.uexp" 317
"../../../Engine/Content/EngineMaterials/Widget3DPassThrough_Translucent.uasset" 318
"../../../Engine/Content/EngineMaterials/Widget3DPassThrough_Translucent.uexp" 319
"../../../Engine/Content/EngineMaterials/Widget3DPassThrough_Translucent_OneSided.uasset" 320
"../../../Engine/Content/EngineMaterials/Widget3DPassThrough_Translucent_OneSided.uexp" 321
"../../../Engine/Content/EngineMaterials/Widget3DPassThrough_Opaque.uasset" 322
"../../../Engine/Content/EngineMaterials/Widget3DPassThrough_Opaque.uexp" 323
"../../../Engine/Content/EngineMaterials/Widget3DPassThrough_Opaque_OneSided.uasset" 324
"../../../Engine/Content/EngineMaterials/Widget3DPassThrough_Opaque_OneSided.uexp" 325
"../../../Engine/Content/EngineMaterials/Widget3DPassThrough_Masked_OneSided.uasset" 326
"../../../Engine/Content/EngineMaterials/Widget3DPassThrough_Masked_OneSided.uexp" 327
"../../../Engine/Content/EngineMaterials/Widget3DPassThrough_Masked.uasset" 328
"../../../Engine/Content/EngineMaterials/Widget3DPassThrough_Masked.uexp" 329
"../../../Engine/Content/EngineMaterials/STBlueNoise_vec2_128x128x64.uasset" 330
"../../../Engine/Content/EngineMaterials/STBlueNoise_vec2_128x128x64.uexp" 331
"../../../Engine/Content/EngineMaterials/STBlueNoise_scalar_128x128x64.uasset" 332
"../../../Engine/Content/EngineMaterials/STBlueNoise_scalar_128x128x64.uexp" 333
"../../../Engine/Content/EngineMaterials/RemoveSurfaceMaterial.uasset" 334
"../../../Engine/Content/EngineMaterials/RemoveSurfaceMaterial.uexp" 335
"../../../Engine/Content/EngineMaterials/DefaultCalibrationGrayscale.uasset" 336
"../../../Engine/Content/EngineMaterials/DefaultCalibrationGrayscale.uexp" 337
"../../../Engine/Content/EngineMaterials/PPM_DefaultCalibrationGrayscale.uasset" 338
"../../../Engine/Content/EngineMaterials/PPM_DefaultCalibrationGrayscale.uexp" 339
"../../../Engine/Content/EngineMaterials/DefaultCalibrationColor.uasset" 340
"../../../Engine/Content/EngineMaterials/DefaultCalibrationColor.uexp" 341
"../../../Engine/Content/EngineMaterials/PPM_DefaultCalibrationColor.uasset" 342
"../../../Engine/Content/EngineMaterials/PPM_DefaultCalibrationColor.uexp" 343
"../../../Engine/Content/EngineMaterials/PhAT_JointLimitMaterial.uasset" 344
"../../../Engine/Content/EngineMaterials/PhAT_JointLimitMaterial.uexp" 345
"../../../Engine/Content/EngineMaterials/NaniteHiddenSectionMaterial.uasset" 346
"../../../Engine/Content/EngineMaterials/NaniteHiddenSectionMaterial.uexp" 347
"../../../Engine/Content/EngineMaterials/InvalidLightmapSettings.ubulk" 348
"../../../Engine/Content/EngineMaterials/InvalidLightmapSettings.uasset" 349
"../../../Engine/Content/EngineMaterials/InvalidLightmapSettings.uexp" 350
"../../../Engine/Content/EngineMaterials/M_InvalidLightmapSettings.uasset" 351
"../../../Engine/Content/EngineMaterials/M_InvalidLightmapSettings.uexp" 352
"../../../Engine/Content/EngineMaterials/GizmoMaterial.uasset" 353
"../../../Engine/Content/EngineMaterials/GizmoMaterial.uexp" 354
"../../../Engine/Content/EngineMaterials/BaseFlattenEmissiveMap_VT.uasset" 355
"../../../Engine/Content/EngineMaterials/BaseFlattenEmissiveMap_VT.uexp" 356
"../../../Engine/Content/EngineMaterials/BaseFlattenGrayscaleMap_VT.uasset" 357
"../../../Engine/Content/EngineMaterials/BaseFlattenGrayscaleMap_VT.uexp" 358
"../../../Engine/Content/EngineMaterials/BaseFlattenLinearColor_VT.uasset" 359
"../../../Engine/Content/EngineMaterials/BaseFlattenLinearColor_VT.uexp" 360
"../../../Engine/Content/EngineMaterials/Black_1x1_EXR_Texture_VT.uasset" 361
"../../../Engine/Content/EngineMaterials/Black_1x1_EXR_Texture_VT.uexp" 362
"../../../Engine/Content/EngineMaterials/BaseFlattenDiffuseMap_VT.uasset" 363
"../../../Engine/Content/EngineMaterials/BaseFlattenDiffuseMap_VT.uexp" 364
"../../../Engine/Content/EngineMaterials/BaseFlattenNormalMap_VT.uasset" 365
"../../../Engine/Content/EngineMaterials/BaseFlattenNormalMap_VT.uexp" 366
"../../../Engine/Content/EngineMaterials/FlattenMaterial_WS_Normal_VT.uasset" 367
"../../../Engine/Content/EngineMaterials/FlattenMaterial_WS_Normal_VT.uexp" 368
"../../../Engine/Content/EngineMaterials/FlattenMaterial_VT.uasset" 369
"../../../Engine/Content/EngineMaterials/FlattenMaterial_VT.uexp" 370
"../../../Engine/Content/EngineMaterials/BaseFlattenNormalMap.uasset" 371
"../../../Engine/Content/EngineMaterials/BaseFlattenNormalMap.uexp" 372
"../../../Engine/Content/EngineMaterials/BaseFlattenGrayscaleMap.uasset" 373
"../../../Engine/Content/EngineMaterials/BaseFlattenGrayscaleMap.uexp" 374
"../../../Engine/Content/EngineMaterials/BaseFlattenDiffuseMap.uasset" 375
"../../../Engine/Content/EngineMaterials/BaseFlattenDiffuseMap.uexp" 376
"../../../Engine/Content/Functions/Engine_MaterialFunctions02/PivotPainter2/Black_1x1_EXR_Texture.uasset" 377
"../../../Engine/Content/Functions/Engine_MaterialFunctions02/PivotPainter2/Black_1x1_EXR_Texture.uexp" 378
"../../../Engine/Content/EngineMaterials/BaseFlattenEmissiveMap.uasset" 379
"../../../Engine/Content/EngineMaterials/BaseFlattenEmissiveMap.uexp" 380
"../../../Engine/Content/EngineMaterials/BaseFlattenLinearColor.uasset" 381
"../../../Engine/Content/EngineMaterials/BaseFlattenLinearColor.uexp" 382
"../../../Engine/Content/EngineMaterials/FlattenMaterial.uasset" 383
"../../../Engine/Content/EngineMaterials/FlattenMaterial.uexp" 384
"../../../Engine/Content/EngineMaterials/DefaultWhiteGrid_Low.uasset" 385
"../../../Engine/Content/EngineMaterials/DefaultWhiteGrid_Low.uexp" 386
"../../../Engine/Content/EngineMaterials/EmissiveMeshMaterial.uasset" 387
"../../../Engine/Content/EngineMaterials/EmissiveMeshMaterial.uexp" 388
"../../../Engine/Content/EngineFonts/RobotoDistanceField.uasset" 389
"../../../Engine/Content/EngineFonts/RobotoDistanceField.uexp" 390
"../../../Engine/Content/EngineMaterials/DefaultTextMaterialOpaque.uasset" 391
"../../../Engine/Content/EngineMaterials/DefaultTextMaterialOpaque.uexp" 392
"../../../Engine/Content/EngineMaterials/DefaultDiffuse.ubulk" 393
"../../../Engine/Content/EngineMaterials/DefaultDiffuse.uasset" 394
"../../../Engine/Content/EngineMaterials/DefaultDiffuse.uexp" 395
"../../../Engine/Content/Functions/Engine_MaterialFunctions02/Utility/BreakOutFloat2Components.uasset" 396
"../../../Engine/Content/Functions/Engine_MaterialFunctions02/Utility/BreakOutFloat2Components.uexp" 397
"../../../Engine/Content/EngineMaterials/DefaultPostProcessMaterial.uasset" 398
"../../../Engine/Content/EngineMaterials/DefaultPostProcessMaterial.uexp" 399
"../../../Engine/Content/EngineMaterials/DefaultLightFunctionMaterial.uasset" 400
"../../../Engine/Content/EngineMaterials/DefaultLightFunctionMaterial.uexp" 401
"../../../Engine/Content/EngineMaterials/DefaultDestructiblePhysicalMaterial.uasset" 402
"../../../Engine/Content/EngineMaterials/DefaultDestructiblePhysicalMaterial.uexp" 403
"../../../Engine/Content/EngineMaterials/DefaultDeferredDecalMaterial.uasset" 404
"../../../Engine/Content/EngineMaterials/DefaultDeferredDecalMaterial.uexp" 405
"../../../Engine/Content/EngineMaterials/DefaultBloomKernel.uasset" 406
"../../../Engine/Content/EngineMaterials/DefaultBloomKernel.uexp" 407
"../../../Engine/Content/EngineFonts/Faces/RobotoLight.uexp" 408
"../../../Engine/Content/EngineFonts/Faces/RobotoLight.uasset" 409
"../../../Engine/Content/EngineFonts/Faces/RobotoLight.ufont" 410
"../../../Engine/Content/EngineFonts/Faces/RobotoBold.uexp" 411
"../../../Engine/Content/EngineFonts/Faces/RobotoBold.uasset" 412
"../../../Engine/Content/EngineFonts/Faces/RobotoBold.ufont" 413
"../../../Engine/Content/EngineFonts/Faces/RobotoRegular.uexp" 414
"../../../Engine/Content/EngineFonts/Faces/RobotoRegular.uasset" 415
"../../../Engine/Content/EngineFonts/Faces/RobotoRegular.ufont" 416
"../../../Engine/Content/EngineFonts/Faces/DroidSansFallback.uexp" 417
"../../../Engine/Content/EngineFonts/Faces/DroidSansFallback.uasset" 418
"../../../Engine/Content/EngineFonts/Faces/DroidSansFallback.ufont" 419
"../../../Engine/Content/EngineFonts/Faces/RobotoItalic.uexp" 420
"../../../Engine/Content/EngineFonts/Faces/RobotoItalic.uasset" 421
"../../../Engine/Content/EngineFonts/Faces/RobotoItalic.ufont" 422
"../../../Engine/Content/EngineFonts/Faces/RobotoBoldItalic.uexp" 423
"../../../Engine/Content/EngineFonts/Faces/RobotoBoldItalic.uasset" 424
"../../../Engine/Content/EngineFonts/Faces/RobotoBoldItalic.ufont" 425
"../../../Engine/Content/EngineFonts/Roboto.uasset" 426
"../../../Engine/Content/EngineFonts/Roboto.uexp" 427
"../../../Engine/Content/EngineDebugMaterials/DebugMeshMaterial.uasset" 428
"../../../Engine/Content/EngineDebugMaterials/DebugMeshMaterial.uexp" 429
"../../../Engine/Content/EngineDebugMaterials/DebugEditorMaterial.uasset" 430
"../../../Engine/Content/EngineDebugMaterials/DebugEditorMaterial.uexp" 431
"../../../Engine/Content/EngineDamageTypes/DmgTypeBP_Environmental.uasset" 432
"../../../Engine/Content/EngineDamageTypes/DmgTypeBP_Environmental.uexp" 433
"../../../Engine/Content/EditorResources/S_Terrain.ubulk" 434
"../../../Engine/Content/EditorResources/S_Terrain.uasset" 435
"../../../Engine/Content/EditorResources/S_Terrain.uexp" 436
"../../../Engine/Content/EditorResources/EmptyActor.uasset" 437
"../../../Engine/Content/EditorResources/EmptyActor.uexp" 438
"../../../Engine/Content/EditorResources/BSPVertex.uasset" 439
"../../../Engine/Content/EditorResources/BSPVertex.uexp" 440
"../../../Engine/Content/EditorMaterials/PreviewShadowIndicator.ubulk" 441
"../../../Engine/Content/EditorMaterials/PreviewShadowIndicator.uasset" 442
"../../../Engine/Content/EditorMaterials/PreviewShadowIndicator.uexp" 443
"../../../Engine/Content/EditorMaterials/PreviewShadowIndicatorMaterial.uasset" 444
"../../../Engine/Content/EditorMaterials/PreviewShadowIndicatorMaterial.uexp" 445
"../../../Engine/Content/EditorMaterials/PhAT_UnselectedMaterial.uasset" 446
"../../../Engine/Content/EditorMaterials/PhAT_UnselectedMaterial.uexp" 447
"../../../Engine/Content/EditorMaterials/PhAT_NoCollisionMaterial.uasset" 448
"../../../Engine/Content/EditorMaterials/PhAT_NoCollisionMaterial.uexp" 449
"../../../Engine/Content/EditorLandscapeResources/DefaultAlphaTexture.uasset" 450
"../../../Engine/Content/EditorLandscapeResources/DefaultAlphaTexture.uexp" 451
"../../../Engine/Content/EditorLandscapeResources/DataLayer.uasset" 452
"../../../Engine/Content/EditorLandscapeResources/DataLayer.uexp" 453
"../../../Engine/Content/BasicShapes/Cone.uasset" 454
"../../../Engine/Content/BasicShapes/Cone.uexp" 455
"../../../Engine/Content/EngineResources/FilmGrains/Marcie_Grain_v3_128_M2_000.uasset" 456
"../../../Engine/Content/EngineResources/FilmGrains/Marcie_Grain_v3_128_M2_000.uexp" 457
"../../../Engine/Content/MobileResources/HUD/VirtualJoystick_Background.uasset" 458
"../../../Engine/Content/MobileResources/HUD/VirtualJoystick_Background.uexp" 459
"../../../Engine/Content/MobileResources/HUD/VirtualJoystick_Thumb.uasset" 460
"../../../Engine/Content/MobileResources/HUD/VirtualJoystick_Thumb.uexp" 461
"../../../Engine/Content/MobileResources/HUD/DefaultVirtualJoysticks.uasset" 462
"../../../Engine/Content/MobileResources/HUD/DefaultVirtualJoysticks.uexp" 463
"F:/Unreal Projects/Replication_Socket/Content/Geometry/Meshes/Sphere.uasset" 464
"F:/Unreal Projects/Replication_Socket/Content/Geometry/Meshes/Sphere.uexp" 465
"F:/Unreal Projects/Replication_Socket/Content/Mannequin/Character/Textures/UE4_Mannequin_MAT_MASKA.ubulk" 466
"F:/Unreal Projects/Replication_Socket/Content/Mannequin/Character/Textures/UE4_Mannequin_MAT_MASKA.uasset" 467
"F:/Unreal Projects/Replication_Socket/Content/Mannequin/Character/Textures/UE4_Mannequin_MAT_MASKA.uexp" 468
"../../../Engine/Content/Functions/Engine_MaterialFunctions02/Utility/BlendAngleCorrectedNormals.uasset" 469
"../../../Engine/Content/Functions/Engine_MaterialFunctions02/Utility/BlendAngleCorrectedNormals.uexp" 470
"../../../Engine/Content/Functions/MaterialLayerFunctions/MatLayerBlend_NormalBlend.uasset" 471
"../../../Engine/Content/Functions/MaterialLayerFunctions/MatLayerBlend_NormalBlend.uexp" 472
"F:/Unreal Projects/Replication_Socket/Content/Mannequin/Character/Materials/MaterialLayers/ML_Plastic_Shiny_Beige.uasset" 473
"F:/Unreal Projects/Replication_Socket/Content/Mannequin/Character/Materials/MaterialLayers/ML_Plastic_Shiny_Beige.uexp" 474
"F:/Unreal Projects/Replication_Socket/Content/Mannequin/Character/Textures/UE4_LOGO_CARD.ubulk" 475
"F:/Unreal Projects/Replication_Socket/Content/Mannequin/Character/Textures/UE4_LOGO_CARD.uasset" 476
"F:/Unreal Projects/Replication_Socket/Content/Mannequin/Character/Textures/UE4_LOGO_CARD.uexp" 477
"F:/Unreal Projects/Replication_Socket/Content/Mannequin/Character/Materials/MaterialLayers/ML_Plastic_Shiny_Beige_LOGO.uasset" 478
"F:/Unreal Projects/Replication_Socket/Content/Mannequin/Character/Materials/MaterialLayers/ML_Plastic_Shiny_Beige_LOGO.uexp" 479
"F:/Unreal Projects/Replication_Socket/Content/Mannequin/Character/Textures/UE4_Mannequin__normals.ubulk" 480
"F:/Unreal Projects/Replication_Socket/Content/Mannequin/Character/Textures/UE4_Mannequin__normals.uasset" 481
"F:/Unreal Projects/Replication_Socket/Content/Mannequin/Character/Textures/UE4_Mannequin__normals.uexp" 482
"../../../Engine/Content/Functions/MaterialLayerFunctions/MatLayerBlend_Simple.uasset" 483
"../../../Engine/Content/Functions/MaterialLayerFunctions/MatLayerBlend_Simple.uexp" 484
"F:/Unreal Projects/Replication_Socket/Content/Mannequin/Character/Materials/MaterialLayers/T_ML_Aluminum01_N.ubulk" 485
"F:/Unreal Projects/Replication_Socket/Content/Mannequin/Character/Materials/MaterialLayers/T_ML_Aluminum01_N.uasset" 486
"F:/Unreal Projects/Replication_Socket/Content/Mannequin/Character/Materials/MaterialLayers/T_ML_Aluminum01_N.uexp" 487
"F:/Unreal Projects/Replication_Socket/Content/Mannequin/Character/Materials/MaterialLayers/T_ML_Aluminum01.ubulk" 488
"F:/Unreal Projects/Replication_Socket/Content/Mannequin/Character/Materials/MaterialLayers/T_ML_Aluminum01.uasset" 489
"F:/Unreal Projects/Replication_Socket/Content/Mannequin/Character/Materials/MaterialLayers/T_ML_Aluminum01.uexp" 490
"F:/Unreal Projects/Replication_Socket/Content/Mannequin/Character/Materials/MaterialLayers/ML_SoftMetal_UE4.uasset" 491
"F:/Unreal Projects/Replication_Socket/Content/Mannequin/Character/Materials/MaterialLayers/ML_SoftMetal_UE4.uexp" 492
"F:/Unreal Projects/Replication_Socket/Content/Mannequin/Character/Materials/MaterialLayers/T_ML_Rubber_Blue_01_N.ubulk" 493
"F:/Unreal Projects/Replication_Socket/Content/Mannequin/Character/Materials/MaterialLayers/T_ML_Rubber_Blue_01_N.uasset" 494
"F:/Unreal Projects/Replication_Socket/Content/Mannequin/Character/Materials/MaterialLayers/T_ML_Rubber_Blue_01_N.uexp" 495
"F:/Unreal Projects/Replication_Socket/Content/Mannequin/Character/Materials/MaterialLayers/T_ML_Rubber_Blue_01_D.ubulk" 496
"F:/Unreal Projects/Replication_Socket/Content/Mannequin/Character/Materials/MaterialLayers/T_ML_Rubber_Blue_01_D.uasset" 497
"F:/Unreal Projects/Replication_Socket/Content/Mannequin/Character/Materials/MaterialLayers/T_ML_Rubber_Blue_01_D.uexp" 498
"F:/Unreal Projects/Replication_Socket/Content/Mannequin/Character/Materials/MaterialLayers/ML_GlossyBlack_Latex_UE4.uasset" 499
"F:/Unreal Projects/Replication_Socket/Content/Mannequin/Character/Materials/MaterialLayers/ML_GlossyBlack_Latex_UE4.uexp" 500
"F:/Unreal Projects/Replication_Socket/Content/Mannequin/Character/Materials/M_UE4Man_Body.uasset" 501
"F:/Unreal Projects/Replication_Socket/Content/Mannequin/Character/Materials/M_UE4Man_Body.uexp" 502
"../../../Engine/Content/EditorBlueprintResources/ActorMacros.uasset" 503
"../../../Engine/Content/EditorBlueprintResources/ActorMacros.uexp" 504
"F:/Unreal Projects/Replication_Socket/Content/ThirdPersonCPP/Blueprints/ball.uasset" 505
"F:/Unreal Projects/Replication_Socket/Content/ThirdPersonCPP/Blueprints/ball.uexp" 506
"F:/Unreal Projects/Replication_Socket/Content/Mannequin/Character/Mesh/UE4_Mannequin_Skeleton.uasset" 507
"F:/Unreal Projects/Replication_Socket/Content/Mannequin/Character/Mesh/UE4_Mannequin_Skeleton.uexp" 508
"F:/Unreal Projects/Replication_Socket/Content/Mannequin/Animations/ThirdPersonWalk.uasset" 509
"F:/Unreal Projects/Replication_Socket/Content/Mannequin/Animations/ThirdPersonWalk.uexp" 510
"F:/Unreal Projects/Replication_Socket/Content/Mannequin/Animations/ThirdPersonRun.uasset" 511
"F:/Unreal Projects/Replication_Socket/Content/Mannequin/Animations/ThirdPersonRun.uexp" 512
"F:/Unreal Projects/Replication_Socket/Content/Mannequin/Animations/ThirdPersonIdle.uasset" 513
"F:/Unreal Projects/Replication_Socket/Content/Mannequin/Animations/ThirdPersonIdle.uexp" 514
"F:/Unreal Projects/Replication_Socket/Content/Mannequin/Animations/ThirdPerson_IdleRun_2D.uasset" 515
"F:/Unreal Projects/Replication_Socket/Content/Mannequin/Animations/ThirdPerson_IdleRun_2D.uexp" 516
"F:/Unreal Projects/Replication_Socket/Content/Mannequin/Animations/ThirdPerson_Jump.uasset" 517
"F:/Unreal Projects/Replication_Socket/Content/Mannequin/Animations/ThirdPerson_Jump.uexp" 518
"F:/Unreal Projects/Replication_Socket/Content/Mannequin/Animations/ThirdPersonJump_Start.uasset" 519
"F:/Unreal Projects/Replication_Socket/Content/Mannequin/Animations/ThirdPersonJump_Start.uexp" 520
"F:/Unreal Projects/Replication_Socket/Content/Mannequin/Animations/ThirdPersonJump_Loop.uasset" 521
"F:/Unreal Projects/Replication_Socket/Content/Mannequin/Animations/ThirdPersonJump_Loop.uexp" 522
"F:/Unreal Projects/Replication_Socket/Content/Mannequin/Animations/ThirdPerson_AnimBP.uasset" 523
"F:/Unreal Projects/Replication_Socket/Content/Mannequin/Animations/ThirdPerson_AnimBP.uexp" 524
"F:/Unreal Projects/Replication_Socket/Content/Geometry/Meshes/CubeMaterial.uasset" 525
"F:/Unreal Projects/Replication_Socket/Content/Geometry/Meshes/CubeMaterial.uexp" 526
"F:/Unreal Projects/Replication_Socket/Content/Mannequin/Character/Textures/UE4Man_Logo_N.ubulk" 527
"F:/Unreal Projects/Replication_Socket/Content/Mannequin/Character/Textures/UE4Man_Logo_N.uasset" 528
"F:/Unreal Projects/Replication_Socket/Content/Mannequin/Character/Textures/UE4Man_Logo_N.uexp" 529
"F:/Unreal Projects/Replication_Socket/Content/Mannequin/Character/Materials/M_UE4Man_ChestLogo.uasset" 530
"F:/Unreal Projects/Replication_Socket/Content/Mannequin/Character/Materials/M_UE4Man_ChestLogo.uexp" 531
"F:/Unreal Projects/Replication_Socket/Content/Mannequin/Character/Mesh/SK_Mannequin_PhysicsAsset.uasset" 532
"F:/Unreal Projects/Replication_Socket/Content/Mannequin/Character/Mesh/SK_Mannequin_PhysicsAsset.uexp" 533
"F:/Unreal Projects/Replication_Socket/Content/Mannequin/Character/Mesh/SK_Mannequin.uasset" 534
"F:/Unreal Projects/Replication_Socket/Content/Mannequin/Character/Mesh/SK_Mannequin.uexp" 535
"F:/Unreal Projects/Replication_Socket/Content/ThirdPersonCPP/Blueprints/ThirdPersonCharacter.uasset" 536
"F:/Unreal Projects/Replication_Socket/Content/ThirdPersonCPP/Blueprints/ThirdPersonCharacter.uexp" 537
"F:/Unreal Projects/Replication_Socket/Content/ThirdPerson/Meshes/Green.uasset" 538
"F:/Unreal Projects/Replication_Socket/Content/ThirdPerson/Meshes/Green.uexp" 539
"F:/Unreal Projects/Replication_Socket/Content/Mannequin/Animations/ThirdPersonJump_End.uasset" 540
"F:/Unreal Projects/Replication_Socket/Content/Mannequin/Animations/ThirdPersonJump_End.uexp" 541
"F:/Unreal Projects/Replication_Socket/Content/MainMenu/BluePrints/ReplecatorBP.uasset" 542
"F:/Unreal Projects/Replication_Socket/Content/MainMenu/BluePrints/ReplecatorBP.uexp" 543
"../../../Engine/Content/EngineSky/VolumetricClouds/CloudWeatherTexture.uasset" 544
"../../../Engine/Content/EngineSky/VolumetricClouds/CloudWeatherTexture.uexp" 545
"../../../Engine/Content/Functions/Engine_MaterialFunctions02/Utility/MakeFloat2.uasset" 546
"../../../Engine/Content/Functions/Engine_MaterialFunctions02/Utility/MakeFloat2.uexp" 547
"../../../Engine/Content/EngineSky/VolumetricClouds/CloudGradientTexture.uasset" 548
"../../../Engine/Content/EngineSky/VolumetricClouds/CloudGradientTexture.uexp" 549
"../../../Engine/Content/EngineSky/VolumetricClouds/T_NoiseShape64.ubulk" 550
"../../../Engine/Content/EngineSky/VolumetricClouds/T_NoiseShape64.uasset" 551
"../../../Engine/Content/EngineSky/VolumetricClouds/T_NoiseShape64.uexp" 552
"../../../Engine/Content/EngineSky/VolumetricClouds/T_VolumeNoiseShape64.uasset" 553
"../../../Engine/Content/EngineSky/VolumetricClouds/T_VolumeNoiseShape64.uexp" 554
"../../../Engine/Content/EngineSky/VolumetricClouds/T_NoiseErosion.ubulk" 555
"../../../Engine/Content/EngineSky/VolumetricClouds/T_NoiseErosion.uasset" 556
"../../../Engine/Content/EngineSky/VolumetricClouds/T_NoiseErosion.uexp" 557
"../../../Engine/Content/EngineSky/VolumetricClouds/T_VolumeNoiseErosion32.uasset" 558
"../../../Engine/Content/EngineSky/VolumetricClouds/T_VolumeNoiseErosion32.uexp" 559
"../../../Engine/Content/EngineSky/VolumetricClouds/m_SimpleVolumetricCloud.uasset" 560
"../../../Engine/Content/EngineSky/VolumetricClouds/m_SimpleVolumetricCloud.uexp" 561
"../../../Engine/Content/EngineSky/VolumetricClouds/m_SimpleVolumetricCloud_Inst.uasset" 562
"../../../Engine/Content/EngineSky/VolumetricClouds/m_SimpleVolumetricCloud_Inst.uexp" 563
"../../../Engine/Content/EditorResources/SequenceRecorder/RecordingIndicator.uasset" 564
"../../../Engine/Content/EditorResources/SequenceRecorder/RecordingIndicator.uexp" 565
"../../../Engine/Content/EditorResources/SequenceRecorder/Countdown.uasset" 566
"../../../Engine/Content/EditorResources/SequenceRecorder/Countdown.uexp" 567
"../../../Engine/Content/Functions/Engine_MaterialFunctions01/Shading/PowerToRoughness.uasset" 568
"../../../Engine/Content/Functions/Engine_MaterialFunctions01/Shading/PowerToRoughness.uexp" 569
"../../../Engine/Content/Functions/Engine_MaterialFunctions01/Shading/ConvertFromDiffSpec.uasset" 570
"../../../Engine/Content/Functions/Engine_MaterialFunctions01/Shading/ConvertFromDiffSpec.uexp" 571
"../../../Engine/Content/EngineMaterials/DefaultPhysicalMaterial.uasset" 572
"../../../Engine/Content/EngineMaterials/DefaultPhysicalMaterial.uexp" 573
"F:/Unreal Projects/Replication_Socket/Content/Maps/test_3.uexp" 574
"F:/Unreal Projects/Replication_Socket/Content/Maps/test_3.umap" 575
"F:/Unreal Projects/Replication_Socket/Content/Maps/test_2.uexp" 576
"F:/Unreal Projects/Replication_Socket/Content/Maps/test_2.umap" 577
"F:/Unreal Projects/Replication_Socket/Content/Maps/test.uexp" 578
"F:/Unreal Projects/Replication_Socket/Content/Maps/test.umap" 579
"F:/Unreal Projects/Replication_Socket/Content/ThirdPersonCPP/Blueprints/ThirdPersonPC.uasset" 580
"F:/Unreal Projects/Replication_Socket/Content/ThirdPersonCPP/Blueprints/ThirdPersonPC.uexp" 581
"F:/Unreal Projects/Replication_Socket/Content/ThirdPersonCPP/Blueprints/ThirdPearson_GM_BP.uasset" 582
"F:/Unreal Projects/Replication_Socket/Content/ThirdPersonCPP/Blueprints/ThirdPearson_GM_BP.uexp" 583
"F:/Unreal Projects/Replication_Socket/Content/Maps/batya_BuiltData.ubulk" 584
"F:/Unreal Projects/Replication_Socket/Content/Maps/batya_BuiltData.uasset" 585
"F:/Unreal Projects/Replication_Socket/Content/Maps/batya_BuiltData.uexp" 586
"../../../Engine/Content/EngineSky/C_Sky_Horizon_Color.uasset" 587
"../../../Engine/Content/EngineSky/C_Sky_Horizon_Color.uexp" 588
"../../../Engine/Content/EngineSky/T_Sky_Stars.ubulk" 589
"../../../Engine/Content/EngineSky/T_Sky_Stars.uasset" 590
"../../../Engine/Content/EngineSky/T_Sky_Stars.uexp" 591
"../../../Engine/Content/EngineSky/T_Sky_Clouds_M.ubulk" 592
"../../../Engine/Content/EngineSky/T_Sky_Clouds_M.uasset" 593
"../../../Engine/Content/EngineSky/T_Sky_Clouds_M.uexp" 594
"../../../Engine/Content/EngineSky/T_Sky_Blue.ubulk" 595
"../../../Engine/Content/EngineSky/T_Sky_Blue.uasset" 596
"../../../Engine/Content/EngineSky/T_Sky_Blue.uexp" 597
"../../../Engine/Content/EngineSky/M_Sky_Panning_Clouds2.uasset" 598
"../../../Engine/Content/EngineSky/M_Sky_Panning_Clouds2.uexp" 599
"../../../Engine/Content/EngineSky/SM_SkySphere.uasset" 600
"../../../Engine/Content/EngineSky/SM_SkySphere.uexp" 601
"../../../Engine/Content/EngineSky/C_Sky_Cloud_Color.uasset" 602
"../../../Engine/Content/EngineSky/C_Sky_Cloud_Color.uexp" 603
"../../../Engine/Content/EngineSky/C_Sky_Zenith_Color.uasset" 604
"../../../Engine/Content/EngineSky/C_Sky_Zenith_Color.uexp" 605
"../../../Engine/Content/EngineSky/BP_Sky_Sphere.uasset" 606
"../../../Engine/Content/EngineSky/BP_Sky_Sphere.uexp" 607
"F:/Unreal Projects/Replication_Socket/Content/ThirdPerson/Meshes/RampMaterial.uasset" 608
"F:/Unreal Projects/Replication_Socket/Content/ThirdPerson/Meshes/RampMaterial.uexp" 609
"F:/Unreal Projects/Replication_Socket/Content/ThirdPerson/Meshes/Linear_Stair_StaticMesh.uasset" 610
"F:/Unreal Projects/Replication_Socket/Content/ThirdPerson/Meshes/Linear_Stair_StaticMesh.uexp" 611
"F:/Unreal Projects/Replication_Socket/Content/Geometry/Meshes/TemplateFloor.uasset" 612
"F:/Unreal Projects/Replication_Socket/Content/Geometry/Meshes/TemplateFloor.uexp" 613
"F:/Unreal Projects/Replication_Socket/Content/ThirdPerson/Meshes/RightArm_StaticMesh.uasset" 614
"F:/Unreal Projects/Replication_Socket/Content/ThirdPerson/Meshes/RightArm_StaticMesh.uexp" 615
"F:/Unreal Projects/Replication_Socket/Content/ThirdPerson/Meshes/Ramp_StaticMesh.uasset" 616
"F:/Unreal Projects/Replication_Socket/Content/ThirdPerson/Meshes/Ramp_StaticMesh.uexp" 617
"F:/Unreal Projects/Replication_Socket/Content/ThirdPerson/Meshes/Bump_StaticMesh.uasset" 618
"F:/Unreal Projects/Replication_Socket/Content/ThirdPerson/Meshes/Bump_StaticMesh.uexp" 619
"F:/Unreal Projects/Replication_Socket/Content/Geometry/Meshes/1M_Cube_Chamfer.uasset" 620
"F:/Unreal Projects/Replication_Socket/Content/Geometry/Meshes/1M_Cube_Chamfer.uexp" 621
"F:/Unreal Projects/Replication_Socket/Content/ThirdPerson/Meshes/LeftArm_StaticMesh.uasset" 622
"F:/Unreal Projects/Replication_Socket/Content/ThirdPerson/Meshes/LeftArm_StaticMesh.uexp" 623
"F:/Unreal Projects/Replication_Socket/Content/Maps/batya.uexp" 624
"F:/Unreal Projects/Replication_Socket/Content/Maps/batya.umap" 625
"F:/Unreal Projects/Replication_Socket/Content/ThirdPersonCPP/Blueprints/SessionGameInstance.uasset" 626
"F:/Unreal Projects/Replication_Socket/Content/ThirdPersonCPP/Blueprints/SessionGameInstance.uexp" 627
"F:/Unreal Projects/Replication_Socket/Content/MyGameInstanceBP.uasset" 628
"F:/Unreal Projects/Replication_Socket/Content/MyGameInstanceBP.uexp" 629
"F:/Unreal Projects/Replication_Socket/Content/MainMenu/BluePrints/MainMenuWBP.uasset" 630
"F:/Unreal Projects/Replication_Socket/Content/MainMenu/BluePrints/MainMenuWBP.uexp" 631
"F:/Unreal Projects/Replication_Socket/Content/MainMenu/BluePrints/MainMenuPc.uasset" 632
"F:/Unreal Projects/Replication_Socket/Content/MainMenu/BluePrints/MainMenuPc.uexp" 633
"F:/Unreal Projects/Replication_Socket/Content/MainMenu/BluePrints/MainMenuPawn.uasset" 634
"F:/Unreal Projects/Replication_Socket/Content/MainMenu/BluePrints/MainMenuPawn.uexp" 635
"F:/Unreal Projects/Replication_Socket/Content/MainMenu/BluePrints/MainMenuGameMode.uasset" 636
"F:/Unreal Projects/Replication_Socket/Content/MainMenu/BluePrints/MainMenuGameMode.uexp" 637
"F:/Unreal Projects/Replication_Socket/Content/MainMenu/MainMenu_BuiltData.ubulk" 638
"F:/Unreal Projects/Replication_Socket/Content/MainMenu/MainMenu_BuiltData.uasset" 639
"F:/Unreal Projects/Replication_Socket/Content/MainMenu/MainMenu_BuiltData.uexp" 640
"F:/Unreal Projects/Replication_Socket/Content/MainMenu/MainMenu.uexp" 641
"F:/Unreal Projects/Replication_Socket/Content/MainMenu/MainMenu.ubulk" 642
"F:/Unreal Projects/Replication_Socket/Content/MainMenu/MainMenu.umap" 643
"F:/Unreal Projects/Replication_Socket/Content/Geometry/Meshes/1M_Cube.uasset" 644
"F:/Unreal Projects/Replication_Socket/Content/Geometry/Meshes/1M_Cube.uexp" 645
"F:/Unreal Projects/Replication_Socket/Content/ThirdPersonCPP/Maps/tp_map_BuiltData.ubulk" 646
"F:/Unreal Projects/Replication_Socket/Content/ThirdPersonCPP/Maps/tp_map_BuiltData.uasset" 647
"F:/Unreal Projects/Replication_Socket/Content/ThirdPersonCPP/Maps/tp_map_BuiltData.uexp" 648
"F:/Unreal Projects/Replication_Socket/Content/ThirdPersonCPP/Maps/tp_map.uexp" 649
"F:/Unreal Projects/Replication_Socket/Content/ThirdPersonCPP/Maps/tp_map.umap" 650
